[ 2019-08-12T00:01:54+08:00 ] ::1 /index.php?m=Mobile&c=personal&a=index&uid=2
INFO: Cron:ClearPromotion Runat 2019-08-12 00:01:54 Use 0.080056 s 
Cron:ClearExpiredSetmeal Runat 2019-08-12 00:01:54 Use -0.000082 s 

[ 2019-08-12T00:13:56+08:00 ] ::1 /index.php?m=Mobile&c=PersonalService&a=gold_task1
INFO: Cron:AutoRefreshResume Runat 2019-08-12 00:13:56 Use 0.042745 s 
Cron:AutoRefreshJobs Runat 2019-08-12 00:13:56 Use -0.000071 s 

[ 2019-08-12T01:02:25+08:00 ] ::1 /index.php?m=Mobile&c=Personal&a=attention_com
INFO: Cron:ClearPromotion Runat 2019-08-12 01:02:25 Use 0.096200 s 
Cron:ClearExpiredSetmeal Runat 2019-08-12 01:02:25 Use -0.000136 s 
Cron:ClearOrder Runat 2019-08-12 01:02:25 Use -0.030838 s 

[ 2019-08-12T01:10:06+08:00 ] ::1 /index.php?m=Mobile&c=personal&a=index
INFO: Cron:AutoRefreshResume Runat 2019-08-12 01:10:06 Use 0.049273 s 
Cron:AutoRefreshJobs Runat 2019-08-12 01:10:06 Use -0.000107 s 

[ 2019-08-12T02:01:19+08:00 ] ::1 /index.php?m=Mobile&c=Mall&a=index
INFO: Cron:ClearPromotion Runat 2019-08-12 02:01:19 Use 0.095003 s 
Cron:ClearExpiredSetmeal Runat 2019-08-12 02:01:19 Use -0.000082 s 

[ 2019-08-12T02:10:58+08:00 ] ::1 /index.php?m=Mobile&c=Mall&a=index
INFO: Cron:AutoRefreshResume Runat 2019-08-12 02:10:58 Use 0.049682 s 
Cron:AutoRefreshJobs Runat 2019-08-12 02:10:58 Use -0.000072 s 

[ 2019-08-12T14:40:59+08:00 ] ::1 /index.php?m=Mobile&c=PersonalService&a=index
INFO: Cron:ClearPromotion Runat 2019-08-12 14:40:59 Use 0.321441 s 
Cron:AutoRefreshResume Runat 2019-08-12 14:40:59 Use -0.000067 s 
Cron:AutoRefreshJobs Runat 2019-08-12 14:40:59 Use -0.030827 s 
Cron:ClearExpiredSetmeal Runat 2019-08-12 14:40:59 Use -0.038595 s 

[ 2019-08-12T15:02:47+08:00 ] ::1 /index.php?m=Admin&c=Database&a=index&menuid=15&child=1
INFO: Cron:ClearPromotion Runat 2019-08-12 15:02:47 Use 0.187125 s 
Cron:ClearExpiredSetmeal Runat 2019-08-12 15:02:47 Use -0.000077 s 

[ 2019-08-12T16:09:56+08:00 ] ::1 /index.php?m=Admin&c=Notice&a=index
INFO: Cron:ClearPromotion Runat 2019-08-12 16:09:56 Use 0.090412 s 
Cron:ClearExpiredSetmeal Runat 2019-08-12 16:09:56 Use -0.000073 s 

[ 2019-08-12T16:10:04+08:00 ] ::1 /index.php?m=Admin&c=Personal&a=index&menuid=171&child=1
INFO: Cron:AutoRefreshResume Runat 2019-08-12 16:10:04 Use 0.072914 s 
Cron:AutoRefreshJobs Runat 2019-08-12 16:10:04 Use -0.000068 s 

[ 2019-08-12T17:02:47+08:00 ] ::1 /index.php?m=Admin&c=Personal&a=index&menuid=171&child=1
INFO: Cron:ClearPromotion Runat 2019-08-12 17:02:47 Use 0.083046 s 
Cron:ClearExpiredSetmeal Runat 2019-08-12 17:02:47 Use -0.000093 s 

[ 2019-08-12T17:16:22+08:00 ] ::1 /index.php?m=Admin&c=Personal&a=jineng
INFO: Cron:AutoRefreshResume Runat 2019-08-12 17:16:22 Use 0.036041 s 
Cron:AutoRefreshJobs Runat 2019-08-12 17:16:22 Use -0.000070 s 

[ 2019-08-12T18:06:10+08:00 ] ::1 /index.php?m=Mobile&c=index&a=index
INFO: Cron:ClearPromotion Runat 2019-08-12 18:06:10 Use 0.128971 s 
Cron:ClearExpiredSetmeal Runat 2019-08-12 18:06:10 Use -0.000079 s 

[ 2019-08-12T18:12:19+08:00 ] ::1 /index.php?m=Mobile&c=index&a=index
INFO: Cron:AutoRefreshResume Runat 2019-08-12 18:12:19 Use 0.043343 s 
Cron:AutoRefreshJobs Runat 2019-08-12 18:12:19 Use -0.000072 s 

[ 2019-08-12T19:07:07+08:00 ] ::1 /index.php?m=Mobile&c=Index&a=jineng_show&id=2
INFO: Cron:ClearPromotion Runat 2019-08-12 19:07:07 Use 0.109454 s 
Cron:ClearExpiredSetmeal Runat 2019-08-12 19:07:07 Use -0.000071 s 

[ 2019-08-12T19:12:25+08:00 ] ::1 /index.php?m=Mobile&c=index&a=index
INFO: Cron:AutoRefreshResume Runat 2019-08-12 19:12:25 Use 0.047773 s 
Cron:AutoRefreshJobs Runat 2019-08-12 19:12:25 Use -0.000077 s 

[ 2019-08-12T20:04:31+08:00 ] ::1 /index.php?m=Mobile&c=index&a=index
INFO: Cron:ClearPromotion Runat 2019-08-12 20:04:31 Use 0.114681 s 
Cron:ClearExpiredSetmeal Runat 2019-08-12 20:04:31 Use -0.000071 s 

[ 2019-08-12T20:10:07+08:00 ] ::1 /index.php?m=Mobile&c=Personal&a=index
INFO: Cron:AutoRefreshResume Runat 2019-08-12 20:10:07 Use 0.039315 s 
Cron:AutoRefreshJobs Runat 2019-08-12 20:10:07 Use -0.000071 s 

