[ 2019-07-20T00:05:54+08:00 ] 77.247.110.186 //recordings/
INFO: Cron:ClearPromotion Runat 2019-07-20 00:05:54 Use 0.011976 s 
Cron:AutoRefreshResume Runat 2019-07-20 00:05:54 Use -0.000084 s 
Cron:AutoRefreshJobs Runat 2019-07-20 00:05:54 Use -0.001360 s 
Cron:ClearExpiredSetmeal Runat 2019-07-20 00:05:54 Use -0.001899 s 

[ 2019-07-20T01:13:24+08:00 ] 77.247.110.186 //vtigercrm/vtigerservice.php
INFO: Cron:ClearCache Runat 2019-07-20 01:13:24 Use 0.034359 s 
Cron:ClearPromotion Runat 2019-07-20 01:13:24 Use -0.000108 s 
Cron:AutoRefreshResume Runat 2019-07-20 01:13:24 Use -0.010343 s 
Cron:AutoRefreshJobs Runat 2019-07-20 01:13:24 Use -0.011398 s 
Cron:ClearExpiredSetmeal Runat 2019-07-20 01:13:24 Use -0.011827 s 
Cron:ClearOrder Runat 2019-07-20 01:13:24 Use -0.013237 s 

[ 2019-07-20T02:13:30+08:00 ] 77.247.110.186 //about.php
INFO: Cron:ClearPromotion Runat 2019-07-20 02:13:30 Use 0.010884 s 
Cron:AutoRefreshResume Runat 2019-07-20 02:13:30 Use -0.000062 s 
Cron:AutoRefreshJobs Runat 2019-07-20 02:13:30 Use -0.001194 s 
Cron:ClearExpiredSetmeal Runat 2019-07-20 02:13:30 Use -0.001622 s 

[ 2019-07-20T03:41:08+08:00 ] 184.154.74.66 /
INFO: Cron:ClearPromotion Runat 2019-07-20 03:41:08 Use 0.009784 s 
Cron:AutoRefreshResume Runat 2019-07-20 03:41:08 Use -0.000056 s 
Cron:AutoRefreshJobs Runat 2019-07-20 03:41:08 Use -0.001125 s 
Cron:ClearExpiredSetmeal Runat 2019-07-20 03:41:08 Use -0.001553 s 

[ 2019-07-20T04:38:03+08:00 ] 47.100.64.9 /
INFO: Cron:ClearPromotion Runat 2019-07-20 04:38:03 Use 0.009895 s 
Cron:AutoRefreshResume Runat 2019-07-20 04:38:03 Use -0.000057 s 
Cron:AutoRefreshJobs Runat 2019-07-20 04:38:03 Use -0.001205 s 
Cron:ClearExpiredSetmeal Runat 2019-07-20 04:38:03 Use -0.001690 s 

[ 2019-07-20T07:20:43+08:00 ] 106.15.176.145 /
INFO: Cron:ClearPromotion Runat 2019-07-20 07:20:43 Use 0.010145 s 
Cron:AutoRefreshResume Runat 2019-07-20 07:20:43 Use -0.000054 s 
Cron:AutoRefreshJobs Runat 2019-07-20 07:20:43 Use -0.001131 s 
Cron:ClearExpiredSetmeal Runat 2019-07-20 07:20:43 Use -0.001609 s 

[ 2019-07-20T09:50:51+08:00 ] 184.105.139.67 /
INFO: Cron:ClearPromotion Runat 2019-07-20 09:50:51 Use 0.009987 s 
Cron:AutoRefreshResume Runat 2019-07-20 09:50:51 Use -0.000062 s 
Cron:AutoRefreshJobs Runat 2019-07-20 09:50:51 Use -0.001118 s 
Cron:ClearExpiredSetmeal Runat 2019-07-20 09:50:51 Use -0.001568 s 

[ 2019-07-20T11:14:20+08:00 ] 47.101.186.114 /
INFO: Cron:ClearPromotion Runat 2019-07-20 11:14:20 Use 0.009874 s 
Cron:AutoRefreshResume Runat 2019-07-20 11:14:20 Use -0.000060 s 
Cron:AutoRefreshJobs Runat 2019-07-20 11:14:20 Use -0.001116 s 
Cron:ClearExpiredSetmeal Runat 2019-07-20 11:14:20 Use -0.001580 s 

[ 2019-07-20T12:07:22+08:00 ] 47.101.203.216 /
INFO: Cron:ClearPromotion Runat 2019-07-20 12:07:22 Use 0.010666 s 
Cron:ClearExpiredSetmeal Runat 2019-07-20 12:07:22 Use -0.000058 s 

[ 2019-07-20T12:26:07+08:00 ] 153.118.200.239 /index.php?m=Weixinapp&c=WxPublic&a=web_cfg&secretKey=123456
INFO: Cron:AutoRefreshResume Runat 2019-07-20 12:26:07 Use 0.027533 s 
Cron:AutoRefreshJobs Runat 2019-07-20 12:26:07 Use -0.000059 s 

[ 2019-07-20T12:26:07+08:00 ] 153.118.200.239 /index.php?m=Weixinapp&c=WxPublic&a=get_openid&secretKey=123456&code=02331A5117mx4X17hJ8117eR51131A5I
INFO: Cron:AutoRefreshResume Runat 2019-07-20 12:26:07 Use 0.033158 s 
Cron:AutoRefreshJobs Runat 2019-07-20 12:26:07 Use -0.000077 s 

[ 2019-07-20T12:26:07+08:00 ] 153.118.200.239 /index.php?m=Weixinapp&c=WxPublic&a=web_cfg&secretKey=123456
INFO: Cron:AutoRefreshResume Runat 2019-07-20 12:26:07 Use 0.020039 s 
Cron:AutoRefreshJobs Runat 2019-07-20 12:26:07 Use -0.000120 s 

[ 2019-07-20T12:26:07+08:00 ] 153.118.200.239 /index.php?m=Weixinapp&c=WxPublic&a=get_index_ads&secretKey=123456
INFO: Cron:AutoRefreshResume Runat 2019-07-20 12:26:07 Use 0.025879 s 
Cron:AutoRefreshJobs Runat 2019-07-20 12:26:07 Use -0.000081 s 

[ 2019-07-20T12:26:07+08:00 ] 153.118.200.239 /index.php?m=Weixinapp&c=WxPublic&a=get_index_nav&secretKey=123456
INFO: Cron:AutoRefreshResume Runat 2019-07-20 12:26:07 Use 0.043289 s 
Cron:AutoRefreshJobs Runat 2019-07-20 12:26:07 Use -0.000070 s 

[ 2019-07-20T14:43:20+08:00 ] 137.226.113.20 /
INFO: Cron:ClearPromotion Runat 2019-07-20 14:43:20 Use 0.009694 s 
Cron:AutoRefreshResume Runat 2019-07-20 14:43:20 Use -0.000055 s 
Cron:AutoRefreshJobs Runat 2019-07-20 14:43:20 Use -0.001105 s 
Cron:ClearExpiredSetmeal Runat 2019-07-20 14:43:20 Use -0.001522 s 

[ 2019-07-20T15:12:25+08:00 ] 111.34.158.218 /index.php?m=Weixinapp&c=WxPublic&a=web_cfg&secretKey=123456
INFO: Cron:ClearPromotion Runat 2019-07-20 15:12:25 Use 0.017890 s 
Cron:AutoRefreshResume Runat 2019-07-20 15:12:25 Use -0.000064 s 
Cron:AutoRefreshJobs Runat 2019-07-20 15:12:25 Use -0.003507 s 
Cron:ClearExpiredSetmeal Runat 2019-07-20 15:12:25 Use -0.005259 s 

[ 2019-07-20T15:12:25+08:00 ] 111.34.158.218 /index.php?m=Weixinapp&c=WxPublic&a=get_index_ads&secretKey=123456
INFO: Cron:ClearPromotion Runat 2019-07-20 15:12:25 Use 0.062270 s 
Cron:AutoRefreshResume Runat 2019-07-20 15:12:25 Use -0.000072 s 
Cron:AutoRefreshJobs Runat 2019-07-20 15:12:25 Use -0.003211 s 
Cron:ClearExpiredSetmeal Runat 2019-07-20 15:12:25 Use -0.004848 s 

[ 2019-07-20T15:12:25+08:00 ] 111.34.158.218 /index.php?m=Weixinapp&c=WxPublic&a=get_index_nav&secretKey=123456
INFO: Cron:ClearPromotion Runat 2019-07-20 15:12:25 Use 0.027214 s 
Cron:AutoRefreshResume Runat 2019-07-20 15:12:25 Use -0.000050 s 
Cron:AutoRefreshJobs Runat 2019-07-20 15:12:25 Use -0.002930 s 
Cron:ClearExpiredSetmeal Runat 2019-07-20 15:12:25 Use -0.004847 s 

[ 2019-07-20T16:26:54+08:00 ] 106.15.93.34 /
INFO: Cron:ClearPromotion Runat 2019-07-20 16:26:54 Use 0.009701 s 
Cron:AutoRefreshResume Runat 2019-07-20 16:26:54 Use -0.000058 s 
Cron:AutoRefreshJobs Runat 2019-07-20 16:26:54 Use -0.001096 s 
Cron:ClearExpiredSetmeal Runat 2019-07-20 16:26:54 Use -0.001516 s 

[ 2019-07-20T17:03:48+08:00 ] 47.97.10.19 /
INFO: Cron:ClearPromotion Runat 2019-07-20 17:03:48 Use 0.010802 s 
Cron:ClearExpiredSetmeal Runat 2019-07-20 17:03:48 Use -0.000056 s 

[ 2019-07-20T19:14:24+08:00 ] 111.34.158.218 /index.php?m=Weixinapp&c=WxPublic&a=web_cfg&secretKey=123456
INFO: Cron:ClearPromotion Runat 2019-07-20 19:14:24 Use 0.029858 s 
Cron:AutoRefreshResume Runat 2019-07-20 19:14:24 Use -0.000062 s 
Cron:AutoRefreshJobs Runat 2019-07-20 19:14:24 Use -0.003326 s 
Cron:ClearExpiredSetmeal Runat 2019-07-20 19:14:24 Use -0.004764 s 

[ 2019-07-20T19:14:24+08:00 ] 111.34.158.218 /index.php?m=Weixinapp&c=WxPublic&a=get_index_ads&secretKey=123456
INFO: Cron:ClearPromotion Runat 2019-07-20 19:14:24 Use 0.050528 s 
Cron:AutoRefreshResume Runat 2019-07-20 19:14:24 Use -0.000051 s 
Cron:AutoRefreshJobs Runat 2019-07-20 19:14:24 Use -0.002491 s 
Cron:ClearExpiredSetmeal Runat 2019-07-20 19:14:24 Use -0.004772 s 

[ 2019-07-20T19:14:24+08:00 ] 111.34.158.218 /index.php?m=Weixinapp&c=WxPublic&a=get_index_nav&secretKey=123456
INFO: Cron:ClearPromotion Runat 2019-07-20 19:14:24 Use 0.024374 s 
Cron:AutoRefreshResume Runat 2019-07-20 19:14:24 Use -0.000084 s 
Cron:AutoRefreshJobs Runat 2019-07-20 19:14:24 Use -0.003498 s 
Cron:ClearExpiredSetmeal Runat 2019-07-20 19:14:24 Use -0.011985 s 

[ 2019-07-20T20:28:09+08:00 ] 112.224.17.202 /index.php?m=Weixinapp&c=WxPublic&a=get_index_ads&secretKey=123456
INFO: Cron:ClearPromotion Runat 2019-07-20 20:28:09 Use 0.067697 s 
Cron:AutoRefreshResume Runat 2019-07-20 20:28:09 Use -0.000079 s 
Cron:AutoRefreshJobs Runat 2019-07-20 20:28:09 Use -0.003400 s 
Cron:ClearExpiredSetmeal Runat 2019-07-20 20:28:09 Use -0.004770 s 

[ 2019-07-20T20:28:09+08:00 ] 112.224.17.202 /index.php?m=Weixinapp&c=WxPublic&a=web_cfg&secretKey=123456
INFO: Cron:ClearPromotion Runat 2019-07-20 20:28:09 Use 0.050560 s 
Cron:AutoRefreshResume Runat 2019-07-20 20:28:09 Use -0.000046 s 
Cron:AutoRefreshJobs Runat 2019-07-20 20:28:09 Use -0.002422 s 
Cron:ClearExpiredSetmeal Runat 2019-07-20 20:28:09 Use -0.004071 s 

[ 2019-07-20T20:28:09+08:00 ] 112.224.17.202 /index.php?m=Weixinapp&c=WxPublic&a=get_index_nav&secretKey=123456
INFO: Cron:ClearPromotion Runat 2019-07-20 20:28:09 Use 0.057868 s 
Cron:AutoRefreshResume Runat 2019-07-20 20:28:09 Use -0.000051 s 
Cron:AutoRefreshJobs Runat 2019-07-20 20:28:09 Use -0.003610 s 
Cron:ClearExpiredSetmeal Runat 2019-07-20 20:28:09 Use -0.005498 s 

[ 2019-07-20T20:28:09+08:00 ] 112.224.17.202 /index.php?m=Weixinapp&c=WxPublic&a=get_openid&secretKey=123456&code=061gw1782SBW0L03qW5826WC682gw17w
INFO: Cron:ClearPromotion Runat 2019-07-20 20:28:09 Use 0.071082 s 
Cron:AutoRefreshResume Runat 2019-07-20 20:28:09 Use -0.000052 s 
Cron:AutoRefreshJobs Runat 2019-07-20 20:28:09 Use -0.001122 s 
Cron:ClearExpiredSetmeal Runat 2019-07-20 20:28:09 Use -0.001555 s 

[ 2019-07-20T22:11:57+08:00 ] 106.15.76.85 /
INFO: Cron:ClearPromotion Runat 2019-07-20 22:11:57 Use 0.009877 s 
Cron:AutoRefreshResume Runat 2019-07-20 22:11:57 Use -0.000058 s 
Cron:AutoRefreshJobs Runat 2019-07-20 22:11:57 Use -0.001131 s 
Cron:ClearExpiredSetmeal Runat 2019-07-20 22:11:57 Use -0.001561 s 

[ 2019-07-20T23:21:10+08:00 ] 69.58.178.56 /robots.txt
INFO: Cron:ClearPromotion Runat 2019-07-20 23:21:10 Use 0.009817 s 
Cron:AutoRefreshResume Runat 2019-07-20 23:21:10 Use -0.000062 s 
Cron:AutoRefreshJobs Runat 2019-07-20 23:21:10 Use -0.001102 s 
Cron:ClearExpiredSetmeal Runat 2019-07-20 23:21:10 Use -0.001540 s 

