[ 2019-08-05T02:36:06+08:00 ] 3.112.36.38 /
INFO: Cron:ClearPromotion Runat 2019-08-05 02:36:06 Use 0.010481 s 
Cron:AutoRefreshResume Runat 2019-08-05 02:36:06 Use -0.000054 s 
Cron:AutoRefreshJobs Runat 2019-08-05 02:36:06 Use -0.001140 s 
Cron:ClearExpiredSetmeal Runat 2019-08-05 02:36:06 Use -0.001591 s 
Cron:ClearOrder Runat 2019-08-05 02:36:06 Use -0.003153 s 

[ 2019-08-05T05:00:59+08:00 ] 47.101.195.248 /
INFO: Cron:ClearPromotion Runat 2019-08-05 05:00:59 Use 0.010212 s 
Cron:AutoRefreshResume Runat 2019-08-05 05:00:59 Use -0.000050 s 
Cron:AutoRefreshJobs Runat 2019-08-05 05:00:59 Use -0.001369 s 
Cron:ClearExpiredSetmeal Runat 2019-08-05 05:00:59 Use -0.001825 s 

[ 2019-08-05T08:47:33+08:00 ] 112.224.21.197 /index.php?m=mobile&c=index&a=tuijian
INFO: Cron:ClearPromotion Runat 2019-08-05 08:47:33 Use 0.009941 s 
Cron:AutoRefreshResume Runat 2019-08-05 08:47:33 Use -0.000051 s 
Cron:AutoRefreshJobs Runat 2019-08-05 08:47:33 Use -0.001122 s 
Cron:ClearExpiredSetmeal Runat 2019-08-05 08:47:33 Use -0.001569 s 

[ 2019-08-05T09:13:23+08:00 ] 112.224.21.197 /index.php?m=Weixinapp&c=WxPublic&a=get_index_nav&secretKey=123456
INFO: Cron:ClearPromotion Runat 2019-08-05 09:13:23 Use 0.010042 s 
Cron:AutoRefreshResume Runat 2019-08-05 09:13:23 Use -0.000062 s 
Cron:AutoRefreshJobs Runat 2019-08-05 09:13:23 Use -0.001223 s 
Cron:ClearExpiredSetmeal Runat 2019-08-05 09:13:23 Use -0.001640 s 

[ 2019-08-05T10:43:32+08:00 ] 112.224.20.237 /index.php?m=Weixinapp&c=WxPublic&a=web_cfg&secretKey=123456
INFO: Cron:ClearPromotion Runat 2019-08-05 10:43:32 Use 0.066211 s 
Cron:AutoRefreshResume Runat 2019-08-05 10:43:32 Use -0.000064 s 
Cron:AutoRefreshJobs Runat 2019-08-05 10:43:32 Use -0.004554 s 
Cron:ClearExpiredSetmeal Runat 2019-08-05 10:43:32 Use -0.006308 s 

[ 2019-08-05T10:43:32+08:00 ] 112.224.20.237 /index.php?m=Weixinapp&c=WxPublic&a=get_openid&secretKey=123456&code=0017lbLE0zfkMj231yKE0npfLE07lbLH
INFO: Cron:ClearPromotion Runat 2019-08-05 10:43:32 Use 0.039165 s 
Cron:AutoRefreshResume Runat 2019-08-05 10:43:32 Use -0.000049 s 
Cron:AutoRefreshJobs Runat 2019-08-05 10:43:32 Use -0.004258 s 
Cron:ClearExpiredSetmeal Runat 2019-08-05 10:43:32 Use -0.006346 s 

[ 2019-08-05T10:43:32+08:00 ] 112.224.20.237 /index.php?m=Weixinapp&c=WxPublic&a=get_index_nav&secretKey=123456
INFO: Cron:ClearPromotion Runat 2019-08-05 10:43:32 Use 0.028927 s 
Cron:AutoRefreshResume Runat 2019-08-05 10:43:32 Use -0.000047 s 
Cron:AutoRefreshJobs Runat 2019-08-05 10:43:32 Use -0.003998 s 
Cron:ClearExpiredSetmeal Runat 2019-08-05 10:43:32 Use -0.006370 s 

[ 2019-08-05T10:43:32+08:00 ] 112.224.20.237 /index.php?m=Weixinapp&c=WxPublic&a=get_index_ads&secretKey=123456
INFO: Cron:ClearPromotion Runat 2019-08-05 10:43:32 Use 0.050994 s 
Cron:AutoRefreshResume Runat 2019-08-05 10:43:32 Use -0.000047 s 
Cron:AutoRefreshJobs Runat 2019-08-05 10:43:32 Use -0.004047 s 
Cron:ClearExpiredSetmeal Runat 2019-08-05 10:43:32 Use -0.006696 s 

[ 2019-08-05T11:05:25+08:00 ] 112.224.20.237 /index.php?m=mobile&c=MembersBind&a=gongzi
INFO: Cron:ClearPromotion Runat 2019-08-05 11:05:25 Use 0.012209 s 
Cron:ClearExpiredSetmeal Runat 2019-08-05 11:05:25 Use -0.000061 s 

[ 2019-08-05T11:40:52+08:00 ] 167.99.114.221 /
INFO: Cron:AutoRefreshResume Runat 2019-08-05 11:40:52 Use 0.006378 s 
Cron:AutoRefreshJobs Runat 2019-08-05 11:40:52 Use -0.000054 s 

[ 2019-08-05T12:04:11+08:00 ] 74.82.47.2 /
INFO: Cron:ClearPromotion Runat 2019-08-05 12:04:11 Use 0.010884 s 
Cron:ClearExpiredSetmeal Runat 2019-08-05 12:04:11 Use -0.000057 s 

[ 2019-08-05T16:11:31+08:00 ] 139.162.116.133 /
INFO: Cron:ClearPromotion Runat 2019-08-05 16:11:31 Use 0.016269 s 
Cron:AutoRefreshResume Runat 2019-08-05 16:11:31 Use -0.000085 s 
Cron:AutoRefreshJobs Runat 2019-08-05 16:11:31 Use -0.001473 s 
Cron:ClearExpiredSetmeal Runat 2019-08-05 16:11:31 Use -0.001960 s 

[ 2019-08-05T17:01:49+08:00 ] 106.11.222.97 /
INFO: Cron:ClearPromotion Runat 2019-08-05 17:01:49 Use 0.010499 s 
Cron:ClearExpiredSetmeal Runat 2019-08-05 17:01:49 Use -0.000059 s 

[ 2019-08-05T17:17:51+08:00 ] 113.120.50.202 /index.php?m=mobile&c=yewu&a=index&id=1
INFO: Cron:AutoRefreshResume Runat 2019-08-05 17:17:51 Use 0.006959 s 
Cron:AutoRefreshJobs Runat 2019-08-05 17:17:51 Use -0.000055 s 

[ 2019-08-05T18:23:32+08:00 ] 198.108.66.64 /
INFO: Cron:ClearPromotion Runat 2019-08-05 18:23:32 Use 0.010292 s 
Cron:AutoRefreshResume Runat 2019-08-05 18:23:32 Use -0.000059 s 
Cron:AutoRefreshJobs Runat 2019-08-05 18:23:32 Use -0.001262 s 
Cron:ClearExpiredSetmeal Runat 2019-08-05 18:23:32 Use -0.001715 s 

[ 2019-08-05T19:02:10+08:00 ] 113.120.50.202 /index.php?m=mobile&c=index&a=tuijian
INFO: Cron:ClearPromotion Runat 2019-08-05 19:02:10 Use 0.010018 s 
Cron:ClearExpiredSetmeal Runat 2019-08-05 19:02:10 Use -0.000055 s 

[ 2019-08-05T19:19:34+08:00 ] 113.120.50.202 /index.php?m=mobile&c=MembersBind&a=huodong_list
INFO: Cron:AutoRefreshResume Runat 2019-08-05 19:19:34 Use 0.006810 s 
Cron:AutoRefreshJobs Runat 2019-08-05 19:19:34 Use -0.000050 s 

[ 2019-08-05T20:34:33+08:00 ] 113.120.50.202 /index.php?m=Mobile
INFO: Cron:ClearPromotion Runat 2019-08-05 20:34:33 Use 0.009935 s 
Cron:AutoRefreshResume Runat 2019-08-05 20:34:33 Use -0.000052 s 
Cron:AutoRefreshJobs Runat 2019-08-05 20:34:33 Use -0.001183 s 
Cron:ClearExpiredSetmeal Runat 2019-08-05 20:34:33 Use -0.001620 s 

[ 2019-08-05T21:06:28+08:00 ] 58.59.26.234 /index.php?m=mobile&c=MembersBind&a=gongzi
INFO: Cron:ClearPromotion Runat 2019-08-05 21:06:28 Use 0.010472 s 
Cron:ClearExpiredSetmeal Runat 2019-08-05 21:06:28 Use -0.000057 s 

[ 2019-08-05T21:50:34+08:00 ] 113.120.50.202 /index.php?m=mobile&c=MembersBind&a=gongzi
INFO: Cron:AutoRefreshResume Runat 2019-08-05 21:50:34 Use 0.006701 s 
Cron:AutoRefreshJobs Runat 2019-08-05 21:50:34 Use -0.000055 s 

