[ 2019-07-22T00:22:22+08:00 ] 106.15.52.246 /
INFO: Cron:ClearPromotion Runat 2019-07-22 00:22:22 Use 0.010747 s 
Cron:AutoRefreshResume Runat 2019-07-22 00:22:22 Use -0.000066 s 
Cron:AutoRefreshJobs Runat 2019-07-22 00:22:22 Use -0.001192 s 
Cron:ClearExpiredSetmeal Runat 2019-07-22 00:22:22 Use -0.001718 s 

[ 2019-07-22T05:58:11+08:00 ] 116.62.215.53 /
INFO: Cron:ClearPromotion Runat 2019-07-22 05:58:11 Use 0.010442 s 
Cron:AutoRefreshResume Runat 2019-07-22 05:58:11 Use -0.000054 s 
Cron:AutoRefreshJobs Runat 2019-07-22 05:58:11 Use -0.001463 s 
Cron:ClearExpiredSetmeal Runat 2019-07-22 05:58:11 Use -0.001966 s 
Cron:ClearOrder Runat 2019-07-22 05:58:11 Use -0.004516 s 

[ 2019-07-22T08:11:39+08:00 ] 112.224.4.70 /index.php?m=Weixinapp&c=WxPublic&a=get_index_nav&secretKey=123456
INFO: Cron:ClearPromotion Runat 2019-07-22 08:11:39 Use 0.031933 s 
Cron:AutoRefreshResume Runat 2019-07-22 08:11:39 Use -0.000060 s 
Cron:AutoRefreshJobs Runat 2019-07-22 08:11:39 Use -0.003585 s 
Cron:ClearExpiredSetmeal Runat 2019-07-22 08:11:39 Use -0.005012 s 

[ 2019-07-22T08:11:39+08:00 ] 112.224.4.70 /index.php?m=Weixinapp&c=WxPublic&a=get_index_ads&secretKey=123456
INFO: Cron:ClearPromotion Runat 2019-07-22 08:11:39 Use 0.041612 s 
Cron:AutoRefreshResume Runat 2019-07-22 08:11:39 Use -0.000050 s 
Cron:AutoRefreshJobs Runat 2019-07-22 08:11:39 Use -0.003390 s 
Cron:ClearExpiredSetmeal Runat 2019-07-22 08:11:39 Use -0.005847 s 

[ 2019-07-22T08:11:39+08:00 ] 112.224.4.70 /index.php?m=Weixinapp&c=WxPublic&a=web_cfg&secretKey=123456
INFO: Cron:ClearPromotion Runat 2019-07-22 08:11:39 Use 0.025449 s 
Cron:AutoRefreshResume Runat 2019-07-22 08:11:39 Use -0.000055 s 
Cron:AutoRefreshJobs Runat 2019-07-22 08:11:39 Use -0.003404 s 
Cron:ClearExpiredSetmeal Runat 2019-07-22 08:11:39 Use -0.005419 s 

[ 2019-07-22T09:14:33+08:00 ] 128.14.209.226 /
INFO: Cron:ClearPromotion Runat 2019-07-22 09:14:33 Use 0.011326 s 
Cron:AutoRefreshResume Runat 2019-07-22 09:14:33 Use -0.000059 s 
Cron:AutoRefreshJobs Runat 2019-07-22 09:14:33 Use -0.001158 s 
Cron:ClearExpiredSetmeal Runat 2019-07-22 09:14:33 Use -0.001583 s 

[ 2019-07-22T10:18:20+08:00 ] 47.94.39.226 /
INFO: Cron:ClearPromotion Runat 2019-07-22 10:18:20 Use 0.009950 s 
Cron:AutoRefreshResume Runat 2019-07-22 10:18:20 Use -0.000062 s 
Cron:AutoRefreshJobs Runat 2019-07-22 10:18:20 Use -0.001149 s 
Cron:ClearExpiredSetmeal Runat 2019-07-22 10:18:20 Use -0.001604 s 

[ 2019-07-22T12:41:56+08:00 ] 74.82.47.5 /
INFO: Cron:ClearPromotion Runat 2019-07-22 12:41:56 Use 0.010166 s 
Cron:AutoRefreshResume Runat 2019-07-22 12:41:56 Use -0.000057 s 
Cron:AutoRefreshJobs Runat 2019-07-22 12:41:56 Use -0.001132 s 
Cron:ClearExpiredSetmeal Runat 2019-07-22 12:41:56 Use -0.001546 s 

[ 2019-07-22T15:24:40+08:00 ] 106.15.76.85 /
INFO: Cron:ClearPromotion Runat 2019-07-22 15:24:40 Use 0.014033 s 
Cron:AutoRefreshResume Runat 2019-07-22 15:24:40 Use -0.000083 s 
Cron:AutoRefreshJobs Runat 2019-07-22 15:24:40 Use -0.001486 s 
Cron:ClearExpiredSetmeal Runat 2019-07-22 15:24:40 Use -0.002051 s 

[ 2019-07-22T16:40:53+08:00 ] 101.132.106.171 /
INFO: Cron:ClearPromotion Runat 2019-07-22 16:40:53 Use 0.010545 s 
Cron:AutoRefreshResume Runat 2019-07-22 16:40:53 Use -0.000057 s 
Cron:AutoRefreshJobs Runat 2019-07-22 16:40:53 Use -0.001233 s 
Cron:ClearExpiredSetmeal Runat 2019-07-22 16:40:53 Use -0.001736 s 

[ 2019-07-22T17:51:34+08:00 ] 111.34.158.218 /index.php?m=Weixinapp&c=WxPublic&a=get_index_ads&secretKey=123456
INFO: Cron:ClearPromotion Runat 2019-07-22 17:51:34 Use 0.032877 s 
Cron:AutoRefreshResume Runat 2019-07-22 17:51:34 Use -0.000049 s 
Cron:AutoRefreshJobs Runat 2019-07-22 17:51:34 Use -0.002958 s 
Cron:ClearExpiredSetmeal Runat 2019-07-22 17:51:34 Use -0.004398 s 

[ 2019-07-22T17:51:34+08:00 ] 111.34.158.218 /index.php?m=Weixinapp&c=WxPublic&a=get_index_nav&secretKey=123456
INFO: Cron:ClearPromotion Runat 2019-07-22 17:51:34 Use 0.039332 s 
Cron:AutoRefreshResume Runat 2019-07-22 17:51:34 Use -0.000065 s 
Cron:AutoRefreshJobs Runat 2019-07-22 17:51:34 Use -0.004287 s 
Cron:ClearExpiredSetmeal Runat 2019-07-22 17:51:34 Use -0.006069 s 

[ 2019-07-22T17:51:34+08:00 ] 111.34.158.218 /index.php?m=Weixinapp&c=WxPublic&a=web_cfg&secretKey=123456
INFO: Cron:ClearPromotion Runat 2019-07-22 17:51:34 Use 0.069303 s 
Cron:AutoRefreshResume Runat 2019-07-22 17:51:34 Use -0.000050 s 
Cron:AutoRefreshJobs Runat 2019-07-22 17:51:34 Use -0.003176 s 
Cron:ClearExpiredSetmeal Runat 2019-07-22 17:51:34 Use -0.006735 s 

[ 2019-07-22T18:48:48+08:00 ] 47.103.21.244 /
INFO: Cron:ClearPromotion Runat 2019-07-22 18:48:48 Use 0.009944 s 
Cron:AutoRefreshResume Runat 2019-07-22 18:48:48 Use -0.000073 s 
Cron:AutoRefreshJobs Runat 2019-07-22 18:48:48 Use -0.001176 s 
Cron:ClearExpiredSetmeal Runat 2019-07-22 18:48:48 Use -0.001635 s 

[ 2019-07-22T20:58:23+08:00 ] 47.97.23.199 /
INFO: Cron:ClearPromotion Runat 2019-07-22 20:58:23 Use 0.010489 s 
Cron:AutoRefreshResume Runat 2019-07-22 20:58:23 Use -0.000067 s 
Cron:AutoRefreshJobs Runat 2019-07-22 20:58:23 Use -0.001225 s 
Cron:ClearExpiredSetmeal Runat 2019-07-22 20:58:23 Use -0.001661 s 

[ 2019-07-22T22:07:48+08:00 ] 111.34.158.218 /index.php?m=Weixinapp&c=WxPublic&a=web_cfg&secretKey=123456
INFO: Cron:ClearPromotion Runat 2019-07-22 22:07:48 Use 0.032137 s 
Cron:AutoRefreshResume Runat 2019-07-22 22:07:48 Use -0.000059 s 
Cron:AutoRefreshJobs Runat 2019-07-22 22:07:48 Use -0.001149 s 
Cron:ClearExpiredSetmeal Runat 2019-07-22 22:07:48 Use -0.001606 s 

[ 2019-07-22T23:08:10+08:00 ] 128.14.209.226 /
INFO: Cron:ClearPromotion Runat 2019-07-22 23:08:10 Use 0.010185 s 
Cron:ClearExpiredSetmeal Runat 2019-07-22 23:08:10 Use -0.000075 s 

