[ 2019-08-08T00:03:05+08:00 ] 112.232.190.128 /index.php?m=Mobile
INFO: Cron:ClearPromotion Runat 2019-08-08 00:03:05 Use 0.015469 s 
Cron:ClearExpiredSetmeal Runat 2019-08-08 00:03:05 Use -0.000083 s 

[ 2019-08-08T00:34:38+08:00 ] 111.34.154.175 /index.php?m=Weixinapp&c=WxPublic&a=get_index_ads&secretKey=123456
INFO: Cron:AutoRefreshResume Runat 2019-08-08 00:34:38 Use 0.027361 s 
Cron:AutoRefreshJobs Runat 2019-08-08 00:34:38 Use -0.000062 s 

[ 2019-08-08T00:34:38+08:00 ] 111.34.154.175 /index.php?m=Weixinapp&c=WxPublic&a=web_cfg&secretKey=123456
INFO: Cron:AutoRefreshResume Runat 2019-08-08 00:34:38 Use 0.023843 s 
Cron:AutoRefreshJobs Runat 2019-08-08 00:34:38 Use -0.000060 s 

[ 2019-08-08T00:34:38+08:00 ] 111.34.154.175 /index.php?m=Weixinapp&c=WxPublic&a=get_index_nav&secretKey=123456
INFO: Cron:AutoRefreshResume Runat 2019-08-08 00:34:38 Use 0.039224 s 
Cron:AutoRefreshJobs Runat 2019-08-08 00:34:38 Use -0.000051 s 

[ 2019-08-08T02:36:06+08:00 ] 3.112.36.38 /
INFO: Cron:ClearPromotion Runat 2019-08-08 02:36:06 Use 0.010742 s 
Cron:AutoRefreshResume Runat 2019-08-08 02:36:06 Use -0.000065 s 
Cron:AutoRefreshJobs Runat 2019-08-08 02:36:06 Use -0.001156 s 
Cron:ClearExpiredSetmeal Runat 2019-08-08 02:36:06 Use -0.001580 s 
Cron:ClearOrder Runat 2019-08-08 02:36:06 Use -0.003150 s 

[ 2019-08-08T03:28:51+08:00 ] 120.77.82.113 /
INFO: Cron:ClearPromotion Runat 2019-08-08 03:28:51 Use 0.010516 s 
Cron:AutoRefreshResume Runat 2019-08-08 03:28:51 Use -0.000061 s 
Cron:AutoRefreshJobs Runat 2019-08-08 03:28:51 Use -0.001278 s 
Cron:ClearExpiredSetmeal Runat 2019-08-08 03:28:51 Use -0.001757 s 

[ 2019-08-08T04:56:32+08:00 ] 111.34.154.175 /index.php?m=mobile&c=yewu&a=index&id=4
INFO: Cron:ClearPromotion Runat 2019-08-08 04:56:32 Use 0.009879 s 
Cron:AutoRefreshResume Runat 2019-08-08 04:56:32 Use -0.000056 s 
Cron:AutoRefreshJobs Runat 2019-08-08 04:56:32 Use -0.001180 s 
Cron:ClearExpiredSetmeal Runat 2019-08-08 04:56:32 Use -0.001599 s 

[ 2019-08-08T05:24:45+08:00 ] 49.72.230.125 /otsmobile/app/mgs/mgw.htm?operationType=com.cars.otsmobile.queryLeftTicket&requestData=%5B%7B%22train_date%22%3A%2220190813%22%2C%22purpose_codes%22%3A%2200%22%2C%22from_station%22%3A%22SHH%22%2C%22to_station%22%3A%22CNW%22%2C%22station_train_code%22%3A%22%22%2C%22start_time_begin%22%3A%220000%22%2C%22start_time_end%22%3A%222400%22%2C%22train_headers%22%3A%22QB%23%22%2C%22train_flag%22%3A%22%22%2C%22seat_type%22%3A%22%22%2C%22seatBack_Type%22%3A%22%22%2C%22ticket_num%22%3A%22%22%2C%22dfpStr%22%3A%22tIouKqaASDlo7maUocIEoeIS8s8nBtjYP4NgByzhHCBJ4NtBhYYqzmUCscvfECxnIgVzQVK3VlzLrrEiZwBO4VzkqsbFpqscgY913u3ZC50AD46c0twPHBOIAP89FfvqXZBXcvGfNdryQw2lclADsr4adhDjF_ns%22%2C%22baseDTO%22%3A%7B%22check_code%22%3A%2268cbe64ba37f0798fc5acc2d8d1aaa86%22%2C%22device_no%22%3A%22XUsCJy3U%2FOIzMDGfbsJN1HE4%22%2C%22mobile_no%22%3A%22%22%2C%22os_type%22%3A%22a%22%2C%22time_str%22%3A%2220190808052445%22%2C%22user_name%22%3A%22%22%2C%22version_no%22%3A%224.2.10%22%7D%7D%5D&ts=1565213085545&sign=
INFO: Cron:ClearPromotion Runat 2019-08-08 05:24:45 Use 0.010451 s 
Cron:AutoRefreshResume Runat 2019-08-08 05:24:45 Use -0.000060 s 
Cron:AutoRefreshJobs Runat 2019-08-08 05:24:45 Use -0.001150 s 
Cron:ClearExpiredSetmeal Runat 2019-08-08 05:24:45 Use -0.001915 s 

[ 2019-08-08T06:41:34+08:00 ] 112.224.2.146 /index.php?m=Mobile
INFO: Cron:ClearPromotion Runat 2019-08-08 06:41:34 Use 0.011072 s 
Cron:AutoRefreshResume Runat 2019-08-08 06:41:34 Use -0.000053 s 
Cron:AutoRefreshJobs Runat 2019-08-08 06:41:34 Use -0.001214 s 
Cron:ClearExpiredSetmeal Runat 2019-08-08 06:41:34 Use -0.001678 s 

[ 2019-08-08T08:12:22+08:00 ] 74.82.47.5 /
INFO: Cron:ClearPromotion Runat 2019-08-08 08:12:22 Use 0.009634 s 
Cron:AutoRefreshResume Runat 2019-08-08 08:12:22 Use -0.000055 s 
Cron:AutoRefreshJobs Runat 2019-08-08 08:12:22 Use -0.001120 s 
Cron:ClearExpiredSetmeal Runat 2019-08-08 08:12:22 Use -0.001555 s 

[ 2019-08-08T10:29:21+08:00 ] 47.100.104.184 /index.php?m=mobile&c=members&a=apilogin_binding
INFO: Cron:ClearPromotion Runat 2019-08-08 10:29:21 Use 0.010507 s 
Cron:AutoRefreshResume Runat 2019-08-08 10:29:21 Use -0.000061 s 
Cron:AutoRefreshJobs Runat 2019-08-08 10:29:21 Use -0.001140 s 
Cron:ClearExpiredSetmeal Runat 2019-08-08 10:29:21 Use -0.001574 s 

[ 2019-08-08T11:56:12+08:00 ] 111.34.154.175 /index.php?m=mobile&c=MembersBind&a=huodong_list
INFO: Cron:ClearPromotion Runat 2019-08-08 11:56:12 Use 0.010266 s 
Cron:AutoRefreshResume Runat 2019-08-08 11:56:12 Use -0.000061 s 
Cron:AutoRefreshJobs Runat 2019-08-08 11:56:12 Use -0.001147 s 
Cron:ClearExpiredSetmeal Runat 2019-08-08 11:56:12 Use -0.001579 s 

[ 2019-08-08T12:03:31+08:00 ] 111.34.154.175 /index.php?m=Weixinapp&c=WxPublic&a=jobslist&secretKey=123456&key=&allowance=0&page=1
INFO: Cron:ClearPromotion Runat 2019-08-08 12:03:31 Use 0.013692 s 
Cron:ClearExpiredSetmeal Runat 2019-08-08 12:03:31 Use -0.000058 s 

[ 2019-08-08T12:03:31+08:00 ] 111.34.154.175 /index.php?m=Weixinapp&c=WxPublic&a=index_hotword&secretKey=123456
INFO: Cron:ClearPromotion Runat 2019-08-08 12:03:31 Use 0.025904 s 
Cron:ClearExpiredSetmeal Runat 2019-08-08 12:03:31 Use -0.000051 s 

[ 2019-08-08T12:22:33+08:00 ] 111.34.154.175 /index.php?m=Mobile&c=jobs&a=ajax_jobs_list&page=2
INFO: Cron:AutoRefreshResume Runat 2019-08-08 12:22:33 Use 0.006678 s 
Cron:AutoRefreshJobs Runat 2019-08-08 12:22:33 Use -0.000051 s 

[ 2019-08-08T13:59:28+08:00 ] 128.14.133.58 /
INFO: Cron:ClearPromotion Runat 2019-08-08 13:59:28 Use 0.010033 s 
Cron:AutoRefreshResume Runat 2019-08-08 13:59:28 Use -0.000059 s 
Cron:AutoRefreshJobs Runat 2019-08-08 13:59:28 Use -0.001146 s 
Cron:ClearExpiredSetmeal Runat 2019-08-08 13:59:28 Use -0.001565 s 

[ 2019-08-08T14:11:57+08:00 ] 111.34.154.175 /index.php?m=Weixinapp&c=WxPublic&a=get_index_nav&secretKey=123456
INFO: Cron:ClearPromotion Runat 2019-08-08 14:11:57 Use 0.019321 s 
Cron:AutoRefreshResume Runat 2019-08-08 14:11:57 Use -0.000069 s 
Cron:AutoRefreshJobs Runat 2019-08-08 14:11:57 Use -0.003948 s 
Cron:ClearExpiredSetmeal Runat 2019-08-08 14:11:57 Use -0.004392 s 

[ 2019-08-08T14:11:57+08:00 ] 111.34.154.175 /index.php?m=Weixinapp&c=WxPublic&a=get_index_ads&secretKey=123456
INFO: Cron:ClearPromotion Runat 2019-08-08 14:11:57 Use 0.034230 s 
Cron:AutoRefreshResume Runat 2019-08-08 14:11:57 Use -0.000088 s 
Cron:AutoRefreshJobs Runat 2019-08-08 14:11:57 Use -0.011184 s 
Cron:ClearExpiredSetmeal Runat 2019-08-08 14:11:57 Use -0.011718 s 

[ 2019-08-08T14:11:57+08:00 ] 111.34.154.175 /index.php?m=Weixinapp&c=WxPublic&a=web_cfg&secretKey=123456
INFO: Cron:ClearPromotion Runat 2019-08-08 14:11:57 Use 0.034304 s 
Cron:AutoRefreshResume Runat 2019-08-08 14:11:57 Use -0.000055 s 
Cron:AutoRefreshJobs Runat 2019-08-08 14:11:57 Use -0.009846 s 
Cron:ClearExpiredSetmeal Runat 2019-08-08 14:11:57 Use -0.010362 s 

[ 2019-08-08T15:53:24+08:00 ] 106.15.52.246 /
INFO: Cron:ClearPromotion Runat 2019-08-08 15:53:24 Use 0.010711 s 
Cron:AutoRefreshResume Runat 2019-08-08 15:53:24 Use -0.000058 s 
Cron:AutoRefreshJobs Runat 2019-08-08 15:53:24 Use -0.001201 s 
Cron:ClearExpiredSetmeal Runat 2019-08-08 15:53:24 Use -0.001619 s 

[ 2019-08-08T16:32:45+08:00 ] 123.233.229.146 /index.php?m=mobile&c=index&a=tuijian
INFO: Cron:ClearPromotion Runat 2019-08-08 16:32:45 Use 0.009710 s 
Cron:AutoRefreshResume Runat 2019-08-08 16:32:45 Use -0.000054 s 
Cron:AutoRefreshJobs Runat 2019-08-08 16:32:45 Use -0.001135 s 
Cron:ClearExpiredSetmeal Runat 2019-08-08 16:32:45 Use -0.001559 s 

[ 2019-08-08T17:01:14+08:00 ] 223.96.242.184 /
INFO: Cron:ClearPromotion Runat 2019-08-08 17:01:14 Use 0.009732 s 
Cron:ClearExpiredSetmeal Runat 2019-08-08 17:01:14 Use -0.000055 s 

[ 2019-08-08T17:16:24+08:00 ] 223.96.242.184 /index.php?m=Mobile&c=Jobs&a=index
INFO: Cron:AutoRefreshResume Runat 2019-08-08 17:16:24 Use 0.006881 s 
Cron:AutoRefreshJobs Runat 2019-08-08 17:16:24 Use -0.000056 s 

[ 2019-08-08T18:01:05+08:00 ] 111.34.154.175 /index.php?m=Mobile&c=members&a=apilogin_binding
INFO: Cron:ClearPromotion Runat 2019-08-08 18:01:05 Use 0.010613 s 
Cron:ClearExpiredSetmeal Runat 2019-08-08 18:01:05 Use -0.000064 s 

[ 2019-08-08T18:13:22+08:00 ] 111.34.154.175 /index.php?m=Mobile
INFO: Cron:AutoRefreshResume Runat 2019-08-08 18:13:22 Use 0.006692 s 
Cron:AutoRefreshJobs Runat 2019-08-08 18:13:22 Use -0.000060 s 

[ 2019-08-08T19:23:07+08:00 ] 77.247.110.186 //a2billing/customer/templates/default/footer.tpl
INFO: Cron:ClearPromotion Runat 2019-08-08 19:23:07 Use 0.010614 s 
Cron:AutoRefreshResume Runat 2019-08-08 19:23:07 Use -0.000070 s 
Cron:AutoRefreshJobs Runat 2019-08-08 19:23:07 Use -0.001153 s 
Cron:ClearExpiredSetmeal Runat 2019-08-08 19:23:07 Use -0.001591 s 

[ 2019-08-08T20:12:42+08:00 ] 77.247.110.186 //vtigercrm/vtigerservice.php
INFO: Cron:ClearPromotion Runat 2019-08-08 20:12:42 Use 0.010249 s 
Cron:AutoRefreshResume Runat 2019-08-08 20:12:42 Use -0.000062 s 
Cron:AutoRefreshJobs Runat 2019-08-08 20:12:42 Use -0.001191 s 
Cron:ClearExpiredSetmeal Runat 2019-08-08 20:12:42 Use -0.001641 s 

[ 2019-08-08T21:06:28+08:00 ] 106.11.222.180 /
INFO: Cron:ClearPromotion Runat 2019-08-08 21:06:28 Use 0.010037 s 
Cron:ClearExpiredSetmeal Runat 2019-08-08 21:06:28 Use -0.000059 s 

[ 2019-08-08T21:22:41+08:00 ] 112.224.32.191 /index.php?m=Mobile&c=members&a=apilogin_binding
INFO: Cron:AutoRefreshResume Runat 2019-08-08 21:22:41 Use 0.006993 s 
Cron:AutoRefreshJobs Runat 2019-08-08 21:22:41 Use -0.000056 s 

[ 2019-08-08T22:17:17+08:00 ] 106.15.76.92 /
INFO: Cron:ClearPromotion Runat 2019-08-08 22:17:17 Use 0.009992 s 
Cron:AutoRefreshResume Runat 2019-08-08 22:17:17 Use -0.000059 s 
Cron:AutoRefreshJobs Runat 2019-08-08 22:17:17 Use -0.001182 s 
Cron:ClearExpiredSetmeal Runat 2019-08-08 22:17:17 Use -0.001645 s 

