[ 2019-08-09T00:05:25+08:00 ] 111.34.154.175 /index.php?m=Mobile&c=members&a=apilogin_binding
INFO: Cron:ClearPromotion Runat 2019-08-09 00:05:25 Use 0.010433 s 
Cron:AutoRefreshResume Runat 2019-08-09 00:05:25 Use -0.000062 s 
Cron:AutoRefreshJobs Runat 2019-08-09 00:05:25 Use -0.001209 s 
Cron:ClearExpiredSetmeal Runat 2019-08-09 00:05:25 Use -0.001689 s 

[ 2019-08-09T01:01:33+08:00 ] 106.11.223.7 /
INFO: Cron:ClearPromotion Runat 2019-08-09 01:01:33 Use 0.010337 s 
Cron:ClearExpiredSetmeal Runat 2019-08-09 01:01:33 Use -0.000054 s 
Cron:ClearOrder Runat 2019-08-09 01:01:33 Use -0.001575 s 

[ 2019-08-09T01:30:16+08:00 ] 106.11.222.212 /
INFO: Cron:AutoRefreshResume Runat 2019-08-09 01:30:16 Use 0.006793 s 
Cron:AutoRefreshJobs Runat 2019-08-09 01:30:16 Use -0.000065 s 

[ 2019-08-09T02:36:50+08:00 ] 3.112.36.38 /
INFO: Cron:ClearPromotion Runat 2019-08-09 02:36:50 Use 0.010517 s 
Cron:AutoRefreshResume Runat 2019-08-09 02:36:50 Use -0.000084 s 
Cron:AutoRefreshJobs Runat 2019-08-09 02:36:50 Use -0.001225 s 
Cron:ClearExpiredSetmeal Runat 2019-08-09 02:36:50 Use -0.001671 s 

[ 2019-08-09T03:15:59+08:00 ] 137.226.113.27 /
INFO: Cron:ClearPromotion Runat 2019-08-09 03:15:59 Use 0.011482 s 
Cron:AutoRefreshResume Runat 2019-08-09 03:15:59 Use -0.000068 s 
Cron:AutoRefreshJobs Runat 2019-08-09 03:15:59 Use -0.001292 s 
Cron:ClearExpiredSetmeal Runat 2019-08-09 03:15:59 Use -0.001754 s 

[ 2019-08-09T04:15:31+08:00 ] 47.94.52.138 /
INFO: Cron:ClearPromotion Runat 2019-08-09 04:15:31 Use 0.010595 s 
Cron:AutoRefreshResume Runat 2019-08-09 04:15:31 Use -0.000052 s 
Cron:AutoRefreshJobs Runat 2019-08-09 04:15:31 Use -0.001179 s 
Cron:ClearExpiredSetmeal Runat 2019-08-09 04:15:31 Use -0.001617 s 

[ 2019-08-09T07:06:43+08:00 ] 112.224.5.71 /index.php?m=Mobile&c=members&a=apilogin_binding
INFO: Cron:ClearPromotion Runat 2019-08-09 07:06:43 Use 0.010229 s 
Cron:AutoRefreshResume Runat 2019-08-09 07:06:43 Use -0.000070 s 
Cron:AutoRefreshJobs Runat 2019-08-09 07:06:43 Use -0.001225 s 
Cron:ClearExpiredSetmeal Runat 2019-08-09 07:06:43 Use -0.001698 s 

[ 2019-08-09T08:23:12+08:00 ] 121.238.162.99 /otsmobile/app/mgs/mgw.htm?operationType=com.cars.otsmobile.queryLeftTicket&requestData=%5B%7B%22train_date%22%3A%2220190819%22%2C%22purpose_codes%22%3A%2200%22%2C%22from_station%22%3A%22PIJ%22%2C%22to_station%22%3A%22POJ%22%2C%22station_train_code%22%3A%22%22%2C%22start_time_begin%22%3A%220000%22%2C%22start_time_end%22%3A%222400%22%2C%22train_headers%22%3A%22QB%23%22%2C%22train_flag%22%3A%22%22%2C%22seat_type%22%3A%22%22%2C%22seatBack_Type%22%3A%22%22%2C%22ticket_num%22%3A%22%22%2C%22dfpStr%22%3A%22%22%2C%22baseDTO%22%3A%7B%22check_code%22%3A%2234dffff4a81703c6bdbb28deb7c8584c%22%2C%22device_no%22%3A%22VXB5FpLAgeUDAF9qiX5olHvl%22%2C%22mobile_no%22%3A%22%22%2C%22os_type%22%3A%22a%22%2C%22time_str%22%3A%2220190809082311%22%2C%22user_name%22%3A%22%22%2C%22version_no%22%3A%224.2.10%22%7D%7D%5D&ts=1565310191986&sign=
INFO: Cron:ClearPromotion Runat 2019-08-09 08:23:12 Use 0.011127 s 
Cron:AutoRefreshResume Runat 2019-08-09 08:23:12 Use -0.000057 s 
Cron:AutoRefreshJobs Runat 2019-08-09 08:23:12 Use -0.001135 s 
Cron:ClearExpiredSetmeal Runat 2019-08-09 08:23:12 Use -0.001576 s 

[ 2019-08-09T09:37:14+08:00 ] 178.73.215.171 /
INFO: Cron:ClearPromotion Runat 2019-08-09 09:37:14 Use 0.012701 s 
Cron:AutoRefreshResume Runat 2019-08-09 09:37:14 Use -0.000057 s 
Cron:AutoRefreshJobs Runat 2019-08-09 09:37:14 Use -0.001314 s 
Cron:ClearExpiredSetmeal Runat 2019-08-09 09:37:14 Use -0.001826 s 

[ 2019-08-09T10:20:51+08:00 ] 139.224.12.188 /
INFO: Cron:ClearPromotion Runat 2019-08-09 10:20:51 Use 0.010448 s 
Cron:AutoRefreshResume Runat 2019-08-09 10:20:51 Use -0.000057 s 
Cron:AutoRefreshJobs Runat 2019-08-09 10:20:51 Use -0.001142 s 
Cron:ClearExpiredSetmeal Runat 2019-08-09 10:20:51 Use -0.001593 s 

[ 2019-08-09T11:03:34+08:00 ] 123.233.213.232 /index.php?m=Weixinapp&c=WxPublic&a=web_cfg&secretKey=123456
INFO: Cron:ClearPromotion Runat 2019-08-09 11:03:34 Use 0.012852 s 
Cron:ClearExpiredSetmeal Runat 2019-08-09 11:03:34 Use -0.000058 s 

[ 2019-08-09T11:03:34+08:00 ] 123.233.213.232 /index.php?m=Weixinapp&c=WxPublic&a=get_index_ads&secretKey=123456
INFO: Cron:ClearPromotion Runat 2019-08-09 11:03:34 Use 0.042280 s 
Cron:ClearExpiredSetmeal Runat 2019-08-09 11:03:34 Use -0.000052 s 

[ 2019-08-09T11:03:34+08:00 ] 123.233.213.232 /index.php?m=Weixinapp&c=WxPublic&a=get_index_nav&secretKey=123456
INFO: Cron:ClearPromotion Runat 2019-08-09 11:03:34 Use 0.033299 s 
Cron:ClearExpiredSetmeal Runat 2019-08-09 11:03:34 Use -0.000054 s 

[ 2019-08-09T11:10:38+08:00 ] 112.224.32.88 /index.php?m=Mobile&c=CompanyService&a=gold_task
INFO: Cron:AutoRefreshResume Runat 2019-08-09 11:10:38 Use 0.006491 s 
Cron:AutoRefreshJobs Runat 2019-08-09 11:10:38 Use -0.000055 s 

[ 2019-08-09T12:34:54+08:00 ] 74.82.47.4 /
INFO: Cron:ClearPromotion Runat 2019-08-09 12:34:54 Use 0.009963 s 
Cron:AutoRefreshResume Runat 2019-08-09 12:34:54 Use -0.000061 s 
Cron:AutoRefreshJobs Runat 2019-08-09 12:34:54 Use -0.001156 s 
Cron:ClearExpiredSetmeal Runat 2019-08-09 12:34:54 Use -0.001599 s 

[ 2019-08-09T13:38:10+08:00 ] 153.118.160.243 /index.php?m=mobile&c=yewu&a=index&id=2
INFO: Cron:ClearPromotion Runat 2019-08-09 13:38:10 Use 0.010169 s 
Cron:AutoRefreshResume Runat 2019-08-09 13:38:10 Use -0.000053 s 
Cron:AutoRefreshJobs Runat 2019-08-09 13:38:10 Use -0.001233 s 
Cron:ClearExpiredSetmeal Runat 2019-08-09 13:38:10 Use -0.001674 s 

[ 2019-08-09T15:10:31+08:00 ] 47.101.202.18 /
INFO: Cron:ClearPromotion Runat 2019-08-09 15:10:31 Use 0.010125 s 
Cron:AutoRefreshResume Runat 2019-08-09 15:10:31 Use -0.000058 s 
Cron:AutoRefreshJobs Runat 2019-08-09 15:10:31 Use -0.001185 s 
Cron:ClearExpiredSetmeal Runat 2019-08-09 15:10:31 Use -0.001610 s 

[ 2019-08-09T17:55:15+08:00 ] 153.118.204.49 /index.php?m=Mobile&c=members&a=apilogin_binding
INFO: Cron:ClearPromotion Runat 2019-08-09 17:55:15 Use 0.010553 s 
Cron:AutoRefreshResume Runat 2019-08-09 17:55:15 Use -0.000089 s 
Cron:AutoRefreshJobs Runat 2019-08-09 17:55:15 Use -0.001182 s 
Cron:ClearExpiredSetmeal Runat 2019-08-09 17:55:15 Use -0.001601 s 

[ 2019-08-09T20:11:53+08:00 ] 47.97.16.76 /
INFO: Cron:ClearPromotion Runat 2019-08-09 20:11:53 Use 0.010436 s 
Cron:AutoRefreshResume Runat 2019-08-09 20:11:53 Use -0.000057 s 
Cron:AutoRefreshJobs Runat 2019-08-09 20:11:53 Use -0.001226 s 
Cron:ClearExpiredSetmeal Runat 2019-08-09 20:11:53 Use -0.001673 s 

[ 2019-08-09T21:01:38+08:00 ] 111.34.154.175 /index.php?m=Mobile&c=CompanyService&a=gold_task
INFO: Cron:ClearPromotion Runat 2019-08-09 21:01:38 Use 0.010423 s 
Cron:ClearExpiredSetmeal Runat 2019-08-09 21:01:38 Use -0.000065 s 

[ 2019-08-09T21:11:12+08:00 ] 112.224.2.114 /index.php?m=mobile&c=yewu&a=index&id=2
INFO: Cron:AutoRefreshResume Runat 2019-08-09 21:11:12 Use 0.007396 s 
Cron:AutoRefreshJobs Runat 2019-08-09 21:11:12 Use -0.000089 s 

[ 2019-08-09T22:01:00+08:00 ] 111.34.154.175 /index.php?m=Weixinapp&c=WxPersonal&a=refreshResume&secretKey=123456&openid=o9jcZ49vqQbmHOtQP6lJmyJzd4nA&pid=2
INFO: Cron:ClearPromotion Runat 2019-08-09 22:01:00 Use 0.009900 s 
Cron:ClearExpiredSetmeal Runat 2019-08-09 22:01:00 Use -0.000054 s 

[ 2019-08-09T22:10:03+08:00 ] 111.34.154.175 /index.php?m=Weixinapp&c=WxPersonal&a=get_resume_educations&secretKey=123456&openid=o9jcZ49vqQbmHOtQP6lJmyJzd4nA&pid=2
INFO: Cron:AutoRefreshResume Runat 2019-08-09 22:10:03 Use 0.011810 s 
Cron:AutoRefreshJobs Runat 2019-08-09 22:10:03 Use -0.000062 s 

[ 2019-08-09T22:10:03+08:00 ] 111.34.154.175 /index.php?m=Weixinapp&c=WxPersonal&a=resumeshow&secretKey=123456&openid=o9jcZ49vqQbmHOtQP6lJmyJzd4nA&pid=2
INFO: Cron:AutoRefreshResume Runat 2019-08-09 22:10:03 Use 0.029388 s 
Cron:AutoRefreshJobs Runat 2019-08-09 22:10:03 Use -0.000079 s 

