[ 2019-07-29T10:47:28+08:00 ] ::1 /
INFO: Cron:ClearPromotion Runat 2019-07-29 10:47:28 Use 0.481043 s 
Cron:AutoRefreshResume Runat 2019-07-29 10:47:28 Use -0.000102 s 
Cron:AutoRefreshJobs Runat 2019-07-29 10:47:28 Use -0.114898 s 
Cron:ClearExpiredSetmeal Runat 2019-07-29 10:47:28 Use -0.123250 s 
Cron:ClearOrder Runat 2019-07-29 10:47:28 Use -0.234113 s 

[ 2019-07-29T11:35:06+08:00 ] ::1 /index.php?m=Admin&c=Ajax&a=business&uid=2
INFO: Cron:ClearPromotion Runat 2019-07-29 11:35:06 Use 0.092120 s 
Cron:AutoRefreshResume Runat 2019-07-29 11:35:06 Use -0.000097 s 
Cron:AutoRefreshJobs Runat 2019-07-29 11:35:06 Use -0.017746 s 
Cron:ClearExpiredSetmeal Runat 2019-07-29 11:35:06 Use -0.018954 s 

[ 2019-07-29T12:10:29+08:00 ] ::1 /index.php?m=Admin&c=Personal&a=gongzi_add&id=1
INFO: Cron:ClearPromotion Runat 2019-07-29 12:10:29 Use 0.085106 s 
Cron:AutoRefreshResume Runat 2019-07-29 12:10:29 Use -0.000112 s 
Cron:AutoRefreshJobs Runat 2019-07-29 12:10:29 Use -0.018047 s 
Cron:ClearExpiredSetmeal Runat 2019-07-29 12:10:29 Use -0.019142 s 

[ 2019-07-29T13:51:56+08:00 ] ::1 /index.php?m=Admin&c=Personal&a=member_list
INFO: Cron:ClearPromotion Runat 2019-07-29 13:51:56 Use 0.189318 s 
Cron:AutoRefreshResume Runat 2019-07-29 13:51:56 Use -0.000096 s 
Cron:AutoRefreshJobs Runat 2019-07-29 13:51:56 Use -0.032051 s 
Cron:ClearExpiredSetmeal Runat 2019-07-29 13:51:56 Use -0.038688 s 

[ 2019-07-29T14:09:31+08:00 ] ::1 /index.php?m=Admin&c=Personal&a=gongzi_add
INFO: Cron:ClearPromotion Runat 2019-07-29 14:09:31 Use 0.080502 s 
Cron:ClearExpiredSetmeal Runat 2019-07-29 14:09:31 Use -0.000102 s 

[ 2019-07-29T14:10:15+08:00 ] ::1 /index.php?m=Admin&c=Personal&a=zaizhi
INFO: Cron:AutoRefreshResume Runat 2019-07-29 14:10:15 Use 0.148457 s 
Cron:AutoRefreshJobs Runat 2019-07-29 14:10:15 Use -0.000090 s 

[ 2019-07-29T20:26:06+08:00 ] ::1 /index.php?m=Admin&c=Personal&a=zaizhi
INFO: Cron:ClearPromotion Runat 2019-07-29 20:26:06 Use 0.072865 s 
Cron:AutoRefreshResume Runat 2019-07-29 20:26:06 Use -0.000100 s 
Cron:AutoRefreshJobs Runat 2019-07-29 20:26:06 Use -0.020860 s 
Cron:ClearExpiredSetmeal Runat 2019-07-29 20:26:06 Use -0.021858 s 

[ 2019-07-29T21:01:08+08:00 ] ::1 /index.php?m=Admin&c=Personal&a=member_list
INFO: Cron:ClearPromotion Runat 2019-07-29 21:01:08 Use 0.106802 s 
Cron:ClearExpiredSetmeal Runat 2019-07-29 21:01:08 Use -0.000132 s 

[ 2019-07-29T21:10:46+08:00 ] ::1 /index.php?m=Admin&c=Personal&a=gongzi&zaizhi_id=1
INFO: Cron:AutoRefreshResume Runat 2019-07-29 21:10:46 Use 0.052732 s 
Cron:AutoRefreshJobs Runat 2019-07-29 21:10:46 Use -0.000101 s 

[ 2019-07-29T22:01:02+08:00 ] ::1 /index.php?m=Admin&c=Personal&a=zaizhi
INFO: Cron:ClearPromotion Runat 2019-07-29 22:01:02 Use 0.082965 s 
Cron:ClearExpiredSetmeal Runat 2019-07-29 22:01:02 Use -0.000099 s 

[ 2019-07-29T22:10:02+08:00 ] ::1 /index.php?m=Admin&c=Personal&a=zaizhi_edit&id=1
INFO: Cron:AutoRefreshResume Runat 2019-07-29 22:10:02 Use 0.042237 s 
Cron:AutoRefreshJobs Runat 2019-07-29 22:10:02 Use -0.000098 s 

[ 2019-07-29T23:01:04+08:00 ] ::1 /index.php?m=Admin&c=Personal&a=zaizhi_shenqing
INFO: Cron:ClearPromotion Runat 2019-07-29 23:01:03 Use 0.082448 s 
Cron:ClearExpiredSetmeal Runat 2019-07-29 23:01:04 Use -0.000092 s 

[ 2019-07-29T23:22:28+08:00 ] ::1 /index.php?m=Admin&c=Personal&a=zaizhi
INFO: Cron:AutoRefreshResume Runat 2019-07-29 23:22:28 Use 0.046300 s 
Cron:AutoRefreshJobs Runat 2019-07-29 23:22:28 Use -0.000099 s 

