[ 2019-07-19T03:16:37+08:00 ] 202.108.211.151 /
INFO: Cron:ClearPromotion Runat 2019-07-19 03:16:37 Use 0.009769 s 
Cron:AutoRefreshResume Runat 2019-07-19 03:16:37 Use -0.000052 s 
Cron:AutoRefreshJobs Runat 2019-07-19 03:16:37 Use -0.001122 s 
Cron:ClearExpiredSetmeal Runat 2019-07-19 03:16:37 Use -0.001551 s 
Cron:ClearOrder Runat 2019-07-19 03:16:37 Use -0.003140 s 

[ 2019-07-19T05:11:35+08:00 ] 94.102.56.151 /
INFO: Cron:ClearPromotion Runat 2019-07-19 05:11:35 Use 0.009984 s 
Cron:AutoRefreshResume Runat 2019-07-19 05:11:35 Use -0.000054 s 
Cron:AutoRefreshJobs Runat 2019-07-19 05:11:35 Use -0.001093 s 
Cron:ClearExpiredSetmeal Runat 2019-07-19 05:11:35 Use -0.001532 s 

[ 2019-07-19T06:41:41+08:00 ] 71.6.143.90 /
INFO: Cron:ClearPromotion Runat 2019-07-19 06:41:41 Use 0.010253 s 
Cron:AutoRefreshResume Runat 2019-07-19 06:41:41 Use -0.000061 s 
Cron:AutoRefreshJobs Runat 2019-07-19 06:41:41 Use -0.001151 s 
Cron:ClearExpiredSetmeal Runat 2019-07-19 06:41:41 Use -0.001596 s 

[ 2019-07-19T08:28:30+08:00 ] 111.34.158.218 /index.php?m=Weixinapp&c=WxPublic&a=get_index_nav&secretKey=123456
INFO: Cron:ClearPromotion Runat 2019-07-19 08:28:30 Use 0.020899 s 
Cron:AutoRefreshResume Runat 2019-07-19 08:28:30 Use -0.000067 s 
Cron:AutoRefreshJobs Runat 2019-07-19 08:28:30 Use -0.003776 s 
Cron:ClearExpiredSetmeal Runat 2019-07-19 08:28:30 Use -0.005260 s 

[ 2019-07-19T08:28:30+08:00 ] 111.34.158.218 /index.php?m=Weixinapp&c=WxPublic&a=web_cfg&secretKey=123456
INFO: Cron:ClearPromotion Runat 2019-07-19 08:28:30 Use 0.068746 s 
Cron:AutoRefreshResume Runat 2019-07-19 08:28:30 Use -0.000046 s 
Cron:AutoRefreshJobs Runat 2019-07-19 08:28:30 Use -0.002724 s 
Cron:ClearExpiredSetmeal Runat 2019-07-19 08:28:30 Use -0.004449 s 

[ 2019-07-19T08:28:30+08:00 ] 111.34.158.218 /index.php?m=Weixinapp&c=WxPublic&a=get_index_ads&secretKey=123456
INFO: Cron:ClearPromotion Runat 2019-07-19 08:28:30 Use 0.049646 s 
Cron:AutoRefreshResume Runat 2019-07-19 08:28:30 Use -0.000050 s 
Cron:AutoRefreshJobs Runat 2019-07-19 08:28:30 Use -0.003983 s 
Cron:ClearExpiredSetmeal Runat 2019-07-19 08:28:30 Use -0.005971 s 

[ 2019-07-19T11:00:23+08:00 ] 112.230.129.115 /index.php?m=Mobile
INFO: Cron:ClearPromotion Runat 2019-07-19 11:00:23 Use 0.010662 s 
Cron:AutoRefreshResume Runat 2019-07-19 11:00:23 Use -0.000060 s 
Cron:AutoRefreshJobs Runat 2019-07-19 11:00:23 Use -0.001212 s 
Cron:ClearExpiredSetmeal Runat 2019-07-19 11:00:23 Use -0.001666 s 

[ 2019-07-19T12:12:17+08:00 ] 111.34.158.218 /index.php?m=Weixinapp&c=WxPublic&a=get_index_ads&secretKey=123456
INFO: Cron:ClearPromotion Runat 2019-07-19 12:12:17 Use 0.017296 s 
Cron:AutoRefreshResume Runat 2019-07-19 12:12:17 Use -0.000061 s 
Cron:AutoRefreshJobs Runat 2019-07-19 12:12:17 Use -0.002740 s 
Cron:ClearExpiredSetmeal Runat 2019-07-19 12:12:17 Use -0.004292 s 

[ 2019-07-19T12:12:17+08:00 ] 111.34.158.218 /index.php?m=Weixinapp&c=WxPublic&a=get_index_nav&secretKey=123456
INFO: Cron:ClearPromotion Runat 2019-07-19 12:12:17 Use 0.037035 s 
Cron:AutoRefreshResume Runat 2019-07-19 12:12:17 Use -0.000053 s 
Cron:AutoRefreshJobs Runat 2019-07-19 12:12:17 Use -0.002479 s 
Cron:ClearExpiredSetmeal Runat 2019-07-19 12:12:17 Use -0.004287 s 

[ 2019-07-19T12:12:17+08:00 ] 111.34.158.218 /index.php?m=Weixinapp&c=WxPublic&a=web_cfg&secretKey=123456
INFO: Cron:ClearPromotion Runat 2019-07-19 12:12:17 Use 0.029241 s 
Cron:AutoRefreshResume Runat 2019-07-19 12:12:17 Use -0.000045 s 
Cron:AutoRefreshJobs Runat 2019-07-19 12:12:17 Use -0.003995 s 
Cron:ClearExpiredSetmeal Runat 2019-07-19 12:12:17 Use -0.004431 s 

[ 2019-07-19T13:06:10+08:00 ] 182.119.38.179 /common.js
INFO: Cron:ClearPromotion Runat 2019-07-19 13:06:10 Use 0.010812 s 
Cron:ClearExpiredSetmeal Runat 2019-07-19 13:06:10 Use -0.000057 s 

[ 2019-07-19T13:44:24+08:00 ] 139.162.116.133 /
INFO: Cron:AutoRefreshResume Runat 2019-07-19 13:44:24 Use 0.006497 s 
Cron:AutoRefreshJobs Runat 2019-07-19 13:44:24 Use -0.000051 s 

[ 2019-07-19T17:46:16+08:00 ] 111.34.158.218 /index.php?m=Weixinapp&c=WxPublic&a=get_index_ads&secretKey=123456
INFO: Cron:ClearPromotion Runat 2019-07-19 17:46:16 Use 0.024179 s 
Cron:AutoRefreshResume Runat 2019-07-19 17:46:16 Use -0.000065 s 
Cron:AutoRefreshJobs Runat 2019-07-19 17:46:16 Use -0.003317 s 
Cron:ClearExpiredSetmeal Runat 2019-07-19 17:46:16 Use -0.004995 s 

[ 2019-07-19T17:46:16+08:00 ] 111.34.158.218 /index.php?m=Weixinapp&c=WxPublic&a=get_index_nav&secretKey=123456
INFO: Cron:ClearPromotion Runat 2019-07-19 17:46:16 Use 0.018280 s 
Cron:AutoRefreshResume Runat 2019-07-19 17:46:16 Use -0.000063 s 
Cron:AutoRefreshJobs Runat 2019-07-19 17:46:16 Use -0.003041 s 
Cron:ClearExpiredSetmeal Runat 2019-07-19 17:46:16 Use -0.004596 s 

[ 2019-07-19T17:46:16+08:00 ] 111.34.158.218 /index.php?m=Weixinapp&c=WxPublic&a=web_cfg&secretKey=123456
INFO: Cron:ClearPromotion Runat 2019-07-19 17:46:16 Use 0.032810 s 
Cron:AutoRefreshResume Runat 2019-07-19 17:46:16 Use -0.000046 s 
Cron:AutoRefreshJobs Runat 2019-07-19 17:46:16 Use -0.002359 s 
Cron:ClearExpiredSetmeal Runat 2019-07-19 17:46:16 Use -0.004885 s 

[ 2019-07-19T18:01:19+08:00 ] 111.34.158.218 /index.php?m=Mobile&c=Index&a=recommend_jobs_index&type=new_jobs&lng=&lat=
INFO: Cron:ClearPromotion Runat 2019-07-19 18:01:19 Use 0.010453 s 
Cron:ClearExpiredSetmeal Runat 2019-07-19 18:01:19 Use -0.000062 s 

[ 2019-07-19T18:31:51+08:00 ] 47.101.187.80 /
INFO: Cron:AutoRefreshResume Runat 2019-07-19 18:31:51 Use 0.006421 s 
Cron:AutoRefreshJobs Runat 2019-07-19 18:31:51 Use -0.000078 s 

[ 2019-07-19T20:03:36+08:00 ] 112.224.21.107 /index.php?m=Mobile
INFO: Cron:ClearPromotion Runat 2019-07-19 20:03:35 Use 0.010669 s 
Cron:AutoRefreshResume Runat 2019-07-19 20:03:35 Use -0.000065 s 
Cron:AutoRefreshJobs Runat 2019-07-19 20:03:35 Use -0.001153 s 
Cron:ClearExpiredSetmeal Runat 2019-07-19 20:03:36 Use -0.001569 s 

[ 2019-07-19T21:35:43+08:00 ] 101.227.27.189 /
INFO: Cron:ClearPromotion Runat 2019-07-19 21:35:43 Use 0.009913 s 
Cron:AutoRefreshResume Runat 2019-07-19 21:35:43 Use -0.000053 s 
Cron:AutoRefreshJobs Runat 2019-07-19 21:35:43 Use -0.001126 s 
Cron:ClearExpiredSetmeal Runat 2019-07-19 21:35:43 Use -0.001559 s 

[ 2019-07-19T22:46:01+08:00 ] 111.34.158.218 /index.php?m=Mobile
INFO: Cron:ClearPromotion Runat 2019-07-19 22:46:01 Use 0.010291 s 
Cron:AutoRefreshResume Runat 2019-07-19 22:46:01 Use -0.000057 s 
Cron:AutoRefreshJobs Runat 2019-07-19 22:46:01 Use -0.001097 s 
Cron:ClearExpiredSetmeal Runat 2019-07-19 22:46:01 Use -0.001530 s 

