[ 2019-07-30T00:01:02+08:00 ] ::1 /index.php?m=Admin&c=Personal&a=lizhi&id=1
INFO: Cron:ClearPromotion Runat 2019-07-30 00:01:02 Use 0.074491 s 
Cron:ClearExpiredSetmeal Runat 2019-07-30 00:01:02 Use -0.000124 s 

[ 2019-07-30T00:12:44+08:00 ] ::1 /index.php?m=Admin&c=Personal&a=zaizhi_shenqing
INFO: Cron:AutoRefreshResume Runat 2019-07-30 00:12:44 Use 0.064476 s 
Cron:AutoRefreshJobs Runat 2019-07-30 00:12:44 Use -0.000095 s 

[ 2019-07-30T13:59:48+08:00 ] ::1 /index.php?m=Admin&c=Personal&a=zaizhi_shenqing
INFO: Cron:ClearPromotion Runat 2019-07-30 13:59:48 Use 0.270698 s 
Cron:AutoRefreshResume Runat 2019-07-30 13:59:48 Use -0.000117 s 
Cron:AutoRefreshJobs Runat 2019-07-30 13:59:48 Use -0.053784 s 
Cron:ClearExpiredSetmeal Runat 2019-07-30 13:59:48 Use -0.060944 s 
Cron:ClearOrder Runat 2019-07-30 13:59:48 Use -0.102322 s 

[ 2019-07-30T14:01:54+08:00 ] ::1 /index.php?m=Admin&c=Personal&a=zaizhi_shenqing
INFO: Cron:ClearPromotion Runat 2019-07-30 14:01:54 Use 0.114871 s 
Cron:ClearExpiredSetmeal Runat 2019-07-30 14:01:54 Use -0.000157 s 

[ 2019-07-30T14:10:27+08:00 ] ::1 /index.php?m=Admin&c=Personal&a=member_list
INFO: Cron:AutoRefreshResume Runat 2019-07-30 14:10:27 Use 0.038380 s 
Cron:AutoRefreshJobs Runat 2019-07-30 14:10:27 Use -0.000101 s 

[ 2019-07-30T15:21:17+08:00 ] ::1 /index.php?m=Mobile&c=Members&a=login
INFO: Cron:ClearPromotion Runat 2019-07-30 15:21:17 Use 0.097189 s 
Cron:AutoRefreshResume Runat 2019-07-30 15:21:17 Use -0.000104 s 
Cron:AutoRefreshJobs Runat 2019-07-30 15:21:17 Use -0.015717 s 
Cron:ClearExpiredSetmeal Runat 2019-07-30 15:21:17 Use -0.016686 s 

[ 2019-07-30T16:01:10+08:00 ] ::1 /index.php?m=Mobile&c=Bind&a=member_binds
INFO: Cron:ClearPromotion Runat 2019-07-30 16:01:10 Use 0.188168 s 
Cron:ClearExpiredSetmeal Runat 2019-07-30 16:01:10 Use -0.000183 s 

[ 2019-07-30T16:12:17+08:00 ] ::1 /index.php?m=Mobile&c=Bind&a=member_binds
INFO: Cron:AutoRefreshResume Runat 2019-07-30 16:12:17 Use 0.047843 s 
Cron:AutoRefreshJobs Runat 2019-07-30 16:12:17 Use -0.000101 s 

[ 2019-07-30T17:08:10+08:00 ] ::1 /index.php?m=Mobile&c=membersBind&a=shenqing
INFO: Cron:ClearPromotion Runat 2019-07-30 17:08:10 Use 0.068153 s 
Cron:ClearExpiredSetmeal Runat 2019-07-30 17:08:10 Use -0.000112 s 

[ 2019-07-30T17:17:56+08:00 ] ::1 /index.php?m=Mobile&c=bind&a=shenqing
INFO: Cron:AutoRefreshResume Runat 2019-07-30 17:17:56 Use 0.038187 s 
Cron:AutoRefreshJobs Runat 2019-07-30 17:17:56 Use -0.000117 s 

[ 2019-07-30T18:08:30+08:00 ] ::1 /index.php?m=Admin&c=Personal&a=zaizhi
INFO: Cron:ClearPromotion Runat 2019-07-30 18:08:30 Use 0.080658 s 
Cron:ClearExpiredSetmeal Runat 2019-07-30 18:08:30 Use -0.000113 s 

[ 2019-07-30T18:10:07+08:00 ] ::1 /index.php?m=Mobile&c=MembersBind&a=gongzi
INFO: Cron:AutoRefreshResume Runat 2019-07-30 18:10:07 Use 0.049947 s 
Cron:AutoRefreshJobs Runat 2019-07-30 18:10:07 Use -0.000093 s 

[ 2019-07-30T19:07:07+08:00 ] ::1 /index.php?m=Mobile&c=MembersBind&a=gongzi
INFO: Cron:ClearPromotion Runat 2019-07-30 19:07:07 Use 0.080285 s 
Cron:ClearExpiredSetmeal Runat 2019-07-30 19:07:07 Use -0.000108 s 

[ 2019-07-30T19:18:56+08:00 ] ::1 /index.php?m=Mobile&c=MembersBind&a=gongzi
INFO: Cron:AutoRefreshResume Runat 2019-07-30 19:18:56 Use 0.051620 s 
Cron:AutoRefreshJobs Runat 2019-07-30 19:18:56 Use -0.000103 s 

[ 2019-07-30T21:29:03+08:00 ] ::1 /index.php?m=Mobile&c=MembersBind&a=gongzi
INFO: Cron:ClearPromotion Runat 2019-07-30 21:29:03 Use 0.105673 s 
Cron:AutoRefreshResume Runat 2019-07-30 21:29:03 Use -0.000106 s 
Cron:AutoRefreshJobs Runat 2019-07-30 21:29:03 Use -0.016993 s 
Cron:ClearExpiredSetmeal Runat 2019-07-30 21:29:03 Use -0.018059 s 

[ 2019-07-30T22:02:15+08:00 ] ::1 /index.php?m=Mobile&c=MembersBind&a=see_gongzi&id=6
INFO: Cron:ClearPromotion Runat 2019-07-30 22:02:15 Use 0.112308 s 
Cron:ClearExpiredSetmeal Runat 2019-07-30 22:02:15 Use -0.000113 s 

[ 2019-07-30T22:10:51+08:00 ] ::1 /index.php?m=Mobile&c=MembersBind&a=see_gongzi&id=6
INFO: Cron:AutoRefreshResume Runat 2019-07-30 22:10:51 Use 0.052568 s 
Cron:AutoRefreshJobs Runat 2019-07-30 22:10:51 Use -0.000123 s 

[ 2019-07-30T23:01:54+08:00 ] ::1 /index.php?m=Mobile&c=MembersBind&a=zhengming
INFO: Cron:ClearPromotion Runat 2019-07-30 23:01:54 Use 0.090176 s 
Cron:ClearExpiredSetmeal Runat 2019-07-30 23:01:54 Use -0.000108 s 

[ 2019-07-30T23:11:02+08:00 ] ::1 /index.php?m=Mobile&c=MembersBind&a=zhengming
INFO: Cron:AutoRefreshResume Runat 2019-07-30 23:11:02 Use 0.053736 s 
Cron:AutoRefreshJobs Runat 2019-07-30 23:11:02 Use -0.000143 s 

